C51 COMPILER V9.60.7.0   MAIN                                                              05/06/2023 17:23:44 PAGE 1   


C51 COMPILER V9.60.7.0, COMPILATION OF MODULE MAIN
OBJECT MODULE PLACED IN .\Objects\main.obj
COMPILER INVOKED BY: C:\Keil_v5\C51\BIN\C51.EXE main.c OPTIMIZE(8,SPEED) BROWSE DEBUG OBJECTEXTEND PRINT(.\Listings\main
                    -.lst) TABS(2) OBJECT(.\Objects\main.obj)

line level    source

   1          #include"reg52.h"
   2          #include"stdio.h"
   3          #include"TLC1543.h"
   4          #include"12864.h"
   5          #include"OSC.h"
   6          #include"math.h"
   7          
   8          sbit STOP=P1^1;
   9          
  10          bit Stop_flag=1;
  11            
  12          void Key_Scan(bit mode)
  13          {  
  14   1       static bit key_up=1;//按键按松开标志
  15   1       if(mode)key_up=1;  //支持连按    
  16   1       if(key_up&&STOP==0)
  17   1       {
  18   2      //  DelayMs(1);//去抖动 
  19   2        key_up=0;
  20   2         if(STOP==0)Stop_flag=!Stop_flag;
  21   2       }else if(STOP==1)key_up=1;       // 无按键按下
  22   1      }
  23          
  24          void main()
  25          {
  26   1        InitLCD();
  27   1        
  28   1        TMOD = 0x01; //定时器0开启；
  29   1        TH0 = (65536-5) /256;//高四位初值
  30   1        TL0 = (65536-5) %256;//低四位初值
  31   1        EA = 1;      //开总中断
  32   1        ET0 = 1;     //T0开时定时器溢出
  33   1        TR0 = 1;     //开启定时器
  34   1      
  35   1        while(1);
  36   1      }
  37          
  38          void int0() interrupt 1
  39          {
  40   1        static char num=0;   //1ms
  41   1        TH0 = (65536-5) /256;//高四位初值
  42   1        TL0 = (65536-5) %256;//低四位初值
  43   1        
  44   1        sample_buffer[num++]=read_adc(AD_A0);
  45   1        if(num==SAMPLE_SIZE)
  46   1        {
  47   2          num=0;
  48   2          if(Stop_flag)display_waveform(sample_buffer);
  49   2        }
  50   1        Key_Scan(0);
  51   1      }
  52          
  53          

C51 COMPILER V9.60.7.0   MAIN                                                              05/06/2023 17:23:44 PAGE 2   


MODULE INFORMATION:   STATIC OVERLAYABLE
   CODE SIZE        =    172    ----
   CONSTANT SIZE    =   ----    ----
   XDATA SIZE       =   ----    ----
   PDATA SIZE       =   ----    ----
   DATA SIZE        =      1    ----
   IDATA SIZE       =   ----    ----
   BIT SIZE         =      2       1
END OF MODULE INFORMATION.


C51 COMPILATION COMPLETE.  0 WARNING(S),  0 ERROR(S)
