C51 COMPILER V9.60.7.0   OSC                                                               05/06/2023 17:23:44 PAGE 1   


C51 COMPILER V9.60.7.0, COMPILATION OF MODULE OSC
OBJECT MODULE PLACED IN .\Objects\OSC.obj
COMPILER INVOKED BY: C:\Keil_v5\C51\BIN\C51.EXE OSC.c OPTIMIZE(8,SPEED) BROWSE DEBUG OBJECTEXTEND PRINT(.\Listings\OSC.l
                    -st) TABS(2) OBJECT(.\Objects\OSC.obj)

line level    source

   1          #include <OSC.h>
   2          
   3          // 定义采样数据缓冲区
   4          xdata unsigned int sample_buffer[SAMPLE_SIZE];
   5          unsigned int max_value = 0;        //采样数据的最大值，用于计算波形的振幅
   6          unsigned int min_value = 0xFFFF;   //采样数据的最小值，用于计算波形的振幅
   7          
   8          // 显示波形的函数
   9          void display_waveform(unsigned int *dat) {
  10   1          unsigned int i,j;
  11   1          unsigned int mid_value,voltage;
  12   1          max_value = 0;                     //采样数据的最大值，用于计算波形的振幅
  13   1          min_value = 0xFFFF;                //采样数据的最小值，用于计算波形的振幅
  14   1          // 计算最大值和最小值
  15   1          for (i = 0; i < SAMPLE_SIZE; i++) {
  16   2              if (dat[i] > max_value) {
  17   3                  max_value = dat[i];
  18   3              }
  19   2              if (dat[i] < min_value) {
  20   3                  min_value = dat[i];
  21   3              }
  22   2          }
  23   1          
  24   1          //计算中间值
  25   1          mid_value = (max_value - min_value)/2;
  26   1          mid_value = mid_value*54/255;
  27   1          
  28   1          //清除显示
  29   1         SelectScreen(0);
  30   1         for(i=0;i<7;i++)     //页
  31   1         {
  32   2           SetLine(i);
  33   2           SetColumn(0);
  34   2           for(j=0;j<64;j++)  //列
  35   2           {WriteByte(0x00);} //写
  36   2         }
  37   1         
  38   1          //显示区方框
  39   1          draw_line(0,1,126,1,1);
  40   1          draw_line(126,1,126,55,1);
  41   1          draw_line(126,55,0,55,1);
  42   1          draw_line(0,55,0,1,1);  
  43   1          
  44   1          //显示区网格
  45   1          for(i=2;i<55;i+=10)
  46   1          {
  47   2            for(j=1;j<126;j+=10)
  48   2            {
  49   3              Display_pixel(j,i,1);
  50   3            }
  51   2          }
  52   1          
  53   1          //波形绘制
  54   1          for(i=0;i<SAMPLE_SIZE-1;i++)
C51 COMPILER V9.60.7.0   OSC                                                               05/06/2023 17:23:44 PAGE 2   

  55   1          {
  56   2            draw_line(i,mid_value+29-(dat[i]*54/255),i+1,mid_value+29-(dat[i+1]*54/255),1); 
  57   2          }
  58   1          
  59   1          //最大值
  60   1          voltage = 2*max_value*0.19607;    
  61   1          Display_6x8(7,0,10); // MAX
  62   1          Display_6x8(7,6,11);
  63   1          Display_6x8(7,12,12);
  64   1          Display_1x8(7,18,0x48); //:号
  65   1          Display_6x8(7,20,voltage/10); 
  66   1          Display_pixel(26,64-2,1);     
  67   1          Display_6x8(7,27,voltage%10);     
  68   1          Display_6x8(7,33,17);     
  69   1          
  70   1          //最小值
  71   1          voltage = 2*min_value*0.19607;    
  72   1          Display_6x8(7,45,10); // MIN
  73   1          Display_6x8(7,51,13);
  74   1          Display_6x8(7,57,14);
  75   1          Display_1x8(7,63,0x48); //:号
  76   1          Display_6x8(7,65,voltage/10); 
  77   1          Display_pixel(71,64-2,1);     
  78   1          Display_6x8(7,72,voltage%10);     
  79   1          Display_6x8(7,78,17);   
  80   1          
  81   1          //频率
  82   1          Display_6x8(7,89,1);  
  83   1          Display_6x8(7,95,0);  
  84   1          Display_6x8(7,101,0); 
  85   1          Display_6x8(7,107,15);  
  86   1          Display_6x8(7,113,16);      
  87   1          
  88   1      }


MODULE INFORMATION:   STATIC OVERLAYABLE
   CODE SIZE        =    809    ----
   CONSTANT SIZE    =   ----    ----
   XDATA SIZE       =    252    ----
   PDATA SIZE       =   ----    ----
   DATA SIZE        =      4      11
   IDATA SIZE       =   ----    ----
   BIT SIZE         =   ----    ----
END OF MODULE INFORMATION.


C51 COMPILATION COMPLETE.  0 WARNING(S),  0 ERROR(S)
