C51 COMPILER V9.60.7.0   SERIAL                                                            05/06/2023 16:41:00 PAGE 1   


C51 COMPILER V9.60.7.0, COMPILATION OF MODULE SERIAL
OBJECT MODULE PLACED IN .\Objects\serial.obj
COMPILER INVOKED BY: C:\Keil_v5\C51\BIN\C51.EXE serial.c OPTIMIZE(8,SPEED) BROWSE DEBUG OBJECTEXTEND PRINT(.\Listings\se
                    -rial.lst) TABS(2) OBJECT(.\Objects\serial.obj)

line level    source

   1          #include"serial.h"
   2          
   3          xdata char receive[10];
   4          xdata char flag;
   5          
   6          //sfr T2MOD  = 0xC9;
   7          
   8          void Serialinit()
   9          {               //定时器2作为串口，配置波特率为9600
  10   1      //  T2MOD = 0x01;
  11   1        T2CON = 0x30;
  12   1        TH2 = 0xFF;
  13   1        TL2 = 0xDC;
  14   1        RCAP2H = 0xFF;
  15   1        RCAP2L = 0xDC;
  16   1        SCON = 0x50;
  17   1        PCON = 0x00;
  18   1        TR2 = 1;
  19   1        ES = 1;
  20   1        EA = 1;
  21   1      }
  22          
  23          void Sendchar( unsigned char da)
  24          {
  25   1        SBUF = da;
  26   1        while(!TI);
  27   1        TI = 0;
  28   1      }
  29          
  30          void Sendstring(int x,char *str)
  31          {
  32   1        char *p = str;
  33   1        int i;
  34   1        for(i=0;i<x;i++)
  35   1        {
  36   2          p = str;
  37   2          while(*p != '\0')
  38   2          {
  39   3            Sendchar(*p++);
  40   3          }
  41   2        }
  42   1      }
  43          
  44          
  45          //接受中断
  46          
  47          void Seral_interrput() interrupt 4
  48          {
  49   1        static unsigned char a=0;//定义一个静态变量来保存接受的字符串
  50   1        char temp;
  51   1        if(RI)
  52   1        {
  53   2          temp=SBUF;
  54   2          
C51 COMPILER V9.60.7.0   SERIAL                                                            05/06/2023 16:41:00 PAGE 2   

  55   2          if(temp != 0x0D)//不等于\n说明没接收完
  56   2          {
  57   3            receive[a]=temp;
  58   3            a++;
  59   3          }
  60   2          else
  61   2          {
  62   3      //      receive[a]='\r';//因为判断漏掉了
  63   3      //      receive[a+1]='\n';//因为判断漏掉了
  64   3            receive[a]='\0';//加上结束符号
  65   3            a=0;
  66   3            flag=1;//接收指令完成标志位
  67   3          }
  68   2          RI=0;
  69   2        }
  70   1      }
  71          


MODULE INFORMATION:   STATIC OVERLAYABLE
   CODE SIZE        =    190    ----
   CONSTANT SIZE    =   ----    ----
   XDATA SIZE       =     11    ----
   PDATA SIZE       =   ----    ----
   DATA SIZE        =      1       8
   IDATA SIZE       =   ----    ----
   BIT SIZE         =   ----    ----
END OF MODULE INFORMATION.


C51 COMPILATION COMPLETE.  0 WARNING(S),  0 ERROR(S)
