C51 COMPILER V9.60.7.0   TLC1543                                                           05/06/2023 17:23:44 PAGE 1   


C51 COMPILER V9.60.7.0, COMPILATION OF MODULE TLC1543
OBJECT MODULE PLACED IN .\Objects\TLC1543.obj
COMPILER INVOKED BY: C:\Keil_v5\C51\BIN\C51.EXE TLC1543.c OPTIMIZE(8,SPEED) BROWSE DEBUG OBJECTEXTEND PRINT(.\Listings\T
                    -LC1543.lst) TABS(2) OBJECT(.\Objects\TLC1543.obj)

line level    source

   1          #include "TLC1543.h"
   2          
   3          //==================================================
   4          
   5          //函数：uint ReadPort(uchar port)
   6          
   7          //描述：采样端口并转换
   8          
   9          //参数：uchar port       //采样端口A0-A10
  10          
  11          //返回：uint                 //转换结果(十位)
  12          //==================================================
  13          
  14          //读取ADC结果函数
  15          unsigned int read_adc(uchar ADDR)
  16          {
  17   1          unsigned char i;
  18   1        unsigned int temp=0;
  19   1        ADDR <<= 4;//4有效地址左对齐
  20   1      
  21   1          CLK = 0;
  22   1          CS=1; 
  23   1          CS = 0;  
  24   1          for (i=0;i<8;i++)
  25   1            { 
  26   2              temp <<= 1;
  27   2            ADD=(bit)(ADDR&0X80);
  28   2              CLK = 1;
  29   2            SDO=1;
  30   2            temp =temp^SDO;
  31   2            CLK = 0;
  32   2              ADDR <<= 1;
  33   2            }
  34   1      
  35   1          ADD=(bit)(ADDR&0X80);
  36   1            CLK = 1;
  37   1          SDO=1;
  38   1          CLK = 0;
  39   1            ADDR <<= 1;
  40   1      
  41   1          ADD=(bit)(ADDR&0X80);
  42   1            CLK = 1;
  43   1          SDO=1;
  44   1          CLK = 0;
  45   1            ADDR <<= 1;
  46   1      
  47   1          CS=1;
  48   1          return(temp);
  49   1      }


MODULE INFORMATION:   STATIC OVERLAYABLE
   CODE SIZE        =     84    ----
   CONSTANT SIZE    =   ----    ----
C51 COMPILER V9.60.7.0   TLC1543                                                           05/06/2023 17:23:44 PAGE 2   

   XDATA SIZE       =   ----    ----
   PDATA SIZE       =   ----    ----
   DATA SIZE        =   ----       2
   IDATA SIZE       =   ----    ----
   BIT SIZE         =   ----    ----
END OF MODULE INFORMATION.


C51 COMPILATION COMPLETE.  0 WARNING(S),  0 ERROR(S)
